
*** Running vivado
    with args -log matbi_watch_top.vds -m64 -product Vivado -mode batch -messageDb vivado.pb -notrace -source matbi_watch_top.tcl


ECHO가 설정되어 있지 않습니다.
ECHO가 설정되어 있지 않습니다.

****** Vivado v2023.1 (64-bit)
  **** SW Build 3865809 on Sun May  7 15:05:29 MDT 2023
  **** IP Build 3864474 on Sun May  7 20:36:21 MDT 2023
  **** SharedData Build 3865790 on Sun May 07 13:33:03 MDT 2023
    ** Copyright 1986-2022 Xilinx, Inc. All Rights Reserved.
    ** Copyright 2022-2023 Advanced Micro Devices, Inc. All Rights Reserved.

source matbi_watch_top.tcl -notrace
create_project: Time (s): cpu = 00:00:08 ; elapsed = 00:00:14 . Memory (MB): peak = 428.566 ; gain = 164.488
Command: synth_design -top matbi_watch_top -part xck26-sfvc784-2LV-c
Starting synth_design
Attempting to get a license for feature 'Synthesis' and/or device 'xck26'
INFO: [Common 17-349] Got license for feature 'Synthesis' and/or device 'xck26'
INFO: [Synth 8-7079] Multithreading enabled for synth_design using a maximum of 2 processes.
INFO: [Synth 8-7078] Launching helper process for spawning children vivado processes
INFO: [Synth 8-7075] Helper process launched with PID 21968
---------------------------------------------------------------------------------
Starting Synthesize : Time (s): cpu = 00:00:06 ; elapsed = 00:00:12 . Memory (MB): peak = 867.648 ; gain = 414.230
---------------------------------------------------------------------------------
INFO: [Synth 8-6157] synthesizing module 'matbi_watch_top' [C:/Users/didro/OneDrive/바탕 화면/watch_design/matbi_watch_top.v:22]
INFO: [Synth 8-6157] synthesizing module 'matbi_one_sec_gen' [C:/Users/didro/OneDrive/바탕 화면/watch_design/matbi_one_sec_gen.v:22]
	Parameter P_COUNT_BIT bound to: 30 - type: integer 
INFO: [Synth 8-6155] done synthesizing module 'matbi_one_sec_gen' (0#1) [C:/Users/didro/OneDrive/바탕 화면/watch_design/matbi_one_sec_gen.v:22]
INFO: [Synth 8-6155] done synthesizing module 'matbi_watch_top' (0#1) [C:/Users/didro/OneDrive/바탕 화면/watch_design/matbi_watch_top.v:22]
---------------------------------------------------------------------------------
Finished Synthesize : Time (s): cpu = 00:00:08 ; elapsed = 00:00:15 . Memory (MB): peak = 958.586 ; gain = 505.168
---------------------------------------------------------------------------------
---------------------------------------------------------------------------------
Finished Constraint Validation : Time (s): cpu = 00:00:08 ; elapsed = 00:00:16 . Memory (MB): peak = 958.586 ; gain = 505.168
---------------------------------------------------------------------------------
---------------------------------------------------------------------------------
Start Loading Part and Timing Information
---------------------------------------------------------------------------------
Loading part: xck26-sfvc784-2LV-c
INFO: [Synth 8-6742] Reading net delay rules and data
INFO: [Device 21-403] Loading part xck26-sfvc784-2LV-c
---------------------------------------------------------------------------------
Finished Loading Part and Timing Information : Time (s): cpu = 00:00:08 ; elapsed = 00:00:16 . Memory (MB): peak = 958.586 ; gain = 505.168
---------------------------------------------------------------------------------
---------------------------------------------------------------------------------
Finished RTL Optimization Phase 2 : Time (s): cpu = 00:00:09 ; elapsed = 00:00:17 . Memory (MB): peak = 958.586 ; gain = 505.168
---------------------------------------------------------------------------------
No constraint files found.
---------------------------------------------------------------------------------
Start RTL Component Statistics 
---------------------------------------------------------------------------------
Detailed RTL Component Info : 
+---Adders : 
	   2 Input   32 Bit       Adders := 1     
	   2 Input   12 Bit       Adders := 1     
	   2 Input    6 Bit       Adders := 3     
	   2 Input    5 Bit       Adders := 1     
+---Registers : 
	               12 Bit    Registers := 1     
	                6 Bit    Registers := 3     
	                5 Bit    Registers := 1     
	                1 Bit    Registers := 1     
+---Muxes : 
	   2 Input   12 Bit        Muxes := 1     
	   2 Input    6 Bit        Muxes := 1     
	   2 Input    1 Bit        Muxes := 6     
---------------------------------------------------------------------------------
Finished RTL Component Statistics 
---------------------------------------------------------------------------------
---------------------------------------------------------------------------------
Start Part Resource Summary
---------------------------------------------------------------------------------
WARNING: [Device 21-9] Clock region file  is not available
Part Resources:
DSPs: 1248 (col length:96)
BRAMs: 288 (col length: RAMB18 96 RAMB36 48)
---------------------------------------------------------------------------------
Finished Part Resource Summary
---------------------------------------------------------------------------------
No constraint files found.
---------------------------------------------------------------------------------
Start Cross Boundary and Area Optimization
---------------------------------------------------------------------------------
WARNING: [Synth 8-7080] Parallel synthesis criteria is not met
---------------------------------------------------------------------------------
Finished Cross Boundary and Area Optimization : Time (s): cpu = 00:00:19 ; elapsed = 00:00:57 . Memory (MB): peak = 1762.352 ; gain = 1308.934
---------------------------------------------------------------------------------
No constraint files found.
---------------------------------------------------------------------------------
Start Timing Optimization
---------------------------------------------------------------------------------
---------------------------------------------------------------------------------
Finished Timing Optimization : Time (s): cpu = 00:00:19 ; elapsed = 00:00:58 . Memory (MB): peak = 1762.352 ; gain = 1308.934
---------------------------------------------------------------------------------
---------------------------------------------------------------------------------
Start Technology Mapping
---------------------------------------------------------------------------------
---------------------------------------------------------------------------------
Finished Technology Mapping : Time (s): cpu = 00:00:19 ; elapsed = 00:00:58 . Memory (MB): peak = 1762.352 ; gain = 1308.934
---------------------------------------------------------------------------------
---------------------------------------------------------------------------------
Start IO Insertion
---------------------------------------------------------------------------------
---------------------------------------------------------------------------------
Start Flattening Before IO Insertion
---------------------------------------------------------------------------------
---------------------------------------------------------------------------------
Finished Flattening Before IO Insertion
---------------------------------------------------------------------------------
---------------------------------------------------------------------------------
Start Final Netlist Cleanup
---------------------------------------------------------------------------------
---------------------------------------------------------------------------------
Finished Final Netlist Cleanup
---------------------------------------------------------------------------------
---------------------------------------------------------------------------------
Finished IO Insertion : Time (s): cpu = 00:00:25 ; elapsed = 00:01:06 . Memory (MB): peak = 1762.352 ; gain = 1308.934
---------------------------------------------------------------------------------
---------------------------------------------------------------------------------
Start Renaming Generated Instances
---------------------------------------------------------------------------------
---------------------------------------------------------------------------------
Finished Renaming Generated Instances : Time (s): cpu = 00:00:25 ; elapsed = 00:01:06 . Memory (MB): peak = 1762.352 ; gain = 1308.934
---------------------------------------------------------------------------------
---------------------------------------------------------------------------------
Start Rebuilding User Hierarchy
---------------------------------------------------------------------------------
---------------------------------------------------------------------------------
Finished Rebuilding User Hierarchy : Time (s): cpu = 00:00:25 ; elapsed = 00:01:06 . Memory (MB): peak = 1762.352 ; gain = 1308.934
---------------------------------------------------------------------------------
---------------------------------------------------------------------------------
Start Renaming Generated Ports
---------------------------------------------------------------------------------
---------------------------------------------------------------------------------
Finished Renaming Generated Ports : Time (s): cpu = 00:00:25 ; elapsed = 00:01:06 . Memory (MB): peak = 1762.352 ; gain = 1308.934
---------------------------------------------------------------------------------
---------------------------------------------------------------------------------
Start Handling Custom Attributes
---------------------------------------------------------------------------------
---------------------------------------------------------------------------------
Finished Handling Custom Attributes : Time (s): cpu = 00:00:25 ; elapsed = 00:01:06 . Memory (MB): peak = 1762.352 ; gain = 1308.934
---------------------------------------------------------------------------------
---------------------------------------------------------------------------------
Start Renaming Generated Nets
---------------------------------------------------------------------------------
---------------------------------------------------------------------------------
Finished Renaming Generated Nets : Time (s): cpu = 00:00:25 ; elapsed = 00:01:06 . Memory (MB): peak = 1762.352 ; gain = 1308.934
---------------------------------------------------------------------------------
---------------------------------------------------------------------------------
Start Writing Synthesis Report
---------------------------------------------------------------------------------

Report BlackBoxes: 
+-+--------------+----------+
| |BlackBox name |Instances |
+-+--------------+----------+
+-+--------------+----------+

Report Cell Usage: 
+------+-------+------+
|      |Cell   |Count |
+------+-------+------+
|1     |BUFG   |     1|
|2     |CARRY8 |    10|
|3     |LUT1   |    35|
|4     |LUT2   |     6|
|5     |LUT3   |     7|
|6     |LUT4   |    10|
|7     |LUT5   |    10|
|8     |LUT6   |    24|
|9     |FDRE   |    66|
|10    |IBUF   |    33|
|11    |OBUF   |    17|
+------+-------+------+

Report Instance Areas: 
+------+----------------------+------------------+------+
|      |Instance              |Module            |Cells |
+------+----------------------+------------------+------+
|1     |top                   |                  |   219|
|2     |  u_matbi_one_sec_gen |matbi_one_sec_gen |    96|
+------+----------------------+------------------+------+
---------------------------------------------------------------------------------
Finished Writing Synthesis Report : Time (s): cpu = 00:00:25 ; elapsed = 00:01:07 . Memory (MB): peak = 1762.352 ; gain = 1308.934
---------------------------------------------------------------------------------
Synthesis finished with 0 errors, 0 critical warnings and 2 warnings.
Synthesis Optimization Runtime : Time (s): cpu = 00:00:25 ; elapsed = 00:01:07 . Memory (MB): peak = 1762.352 ; gain = 1308.934
Synthesis Optimization Complete : Time (s): cpu = 00:00:25 ; elapsed = 00:01:07 . Memory (MB): peak = 1762.352 ; gain = 1308.934
INFO: [Project 1-571] Translating synthesized netlist
Netlist sorting complete. Time (s): cpu = 00:00:00 ; elapsed = 00:00:00.005 . Memory (MB): peak = 1762.352 ; gain = 0.000
INFO: [Netlist 29-17] Analyzing 44 Unisim elements for replacement
INFO: [Netlist 29-28] Unisim Transformation completed in 0 CPU seconds
INFO: [Project 1-570] Preparing netlist for logic optimization
INFO: [Opt 31-138] Pushed 0 inverter(s) to 0 load pin(s).
Netlist sorting complete. Time (s): cpu = 00:00:00 ; elapsed = 00:00:00 . Memory (MB): peak = 1798.156 ; gain = 0.000
INFO: [Project 1-111] Unisim Transformation Summary:
  A total of 34 instances were transformed.
  BUFG => BUFGCE: 1 instance 
  IBUF => IBUF (IBUFCTRL, INBUF): 33 instances

Synth Design complete | Checksum: 81d0a3af
INFO: [Common 17-83] Releasing license: Synthesis
17 Infos, 2 Warnings, 0 Critical Warnings and 0 Errors encountered.
synth_design completed successfully
synth_design: Time (s): cpu = 00:00:27 ; elapsed = 00:01:10 . Memory (MB): peak = 1798.156 ; gain = 1369.590
[libprotobuf ERROR C:\w10\HEAD\src\ext\protobuf\build\lnx64\protobuf-3.7.1\src\google\protobuf\wire_format_lite.cc:611] String field 'HDMetricDBGroup.MetricMapEntry.value' contains invalid UTF-8 data when serializing a protocol buffer. Use the 'bytes' type if you intend to send raw bytes. 
[libprotobuf ERROR C:\w10\HEAD\src\ext\protobuf\build\lnx64\protobuf-3.7.1\src\google\protobuf\wire_format_lite.cc:611] String field 'HDMetricDBGroup.MetricMapEntry.value' contains invalid UTF-8 data when serializing a protocol buffer. Use the 'bytes' type if you intend to send raw bytes. 
INFO: [Common 17-1381] The checkpoint 'C:/Users/didro/watach_design/watach_design.runs/synth_1/matbi_watch_top.dcp' has been generated.
INFO: [runtcl-4] Executing : report_utilization -file matbi_watch_top_utilization_synth.rpt -pb matbi_watch_top_utilization_synth.pb
INFO: [Common 17-206] Exiting Vivado at Mon Jan  6 12:56:51 2025...
